Checking whether the ASM compiler is GNU using "--version" did not match "(GNU assembler)|(GCC)|(Free Software Foundation)":
Microsoft (R) C/C++ Optimizing Compiler Version 19.33.31629 for x64
Copyright (C) Microsoft Corporation.  All rights reserved.

cl : Command line warning D9002 : ignoring unknown option '--version'
cl : Command line error D8003 : missing source filename
Checking whether the ASM compiler is Clang using "--version" did not match "(clang version)":
Microsoft (R) C/C++ Optimizing Compiler Version 19.33.31629 for x64
Copyright (C) Microsoft Corporation.  All rights reserved.

cl : Command line warning D9002 : ignoring unknown option '--version'
cl : Command line error D8003 : missing source filename
Checking whether the ASM compiler is AppleClang using "--version" did not match "(Apple LLVM version)":
Microsoft (R) C/C++ Optimizing Compiler Version 19.33.31629 for x64
Copyright (C) Microsoft Corporation.  All rights reserved.

cl : Command line warning D9002 : ignoring unknown option '--version'
cl : Command line error D8003 : missing source filename
Checking whether the ASM compiler is ARMClang using "--version" did not match "armclang":
Microsoft (R) C/C++ Optimizing Compiler Version 19.33.31629 for x64
Copyright (C) Microsoft Corporation.  All rights reserved.

cl : Command line warning D9002 : ignoring unknown option '--version'
cl : Command line error D8003 : missing source filename
Checking whether the ASM compiler is HP using "-V" did not match "HP C":
Microsoft (R) C/C++ Optimizing Compiler Version 19.33.31629 for x64
Copyright (C) Microsoft Corporation.  All rights reserved.

cl : Command line error D8004 : '/V' requires an argument
Checking whether the ASM compiler is Intel using "--version" did not match "(ICC)":
Microsoft (R) C/C++ Optimizing Compiler Version 19.33.31629 for x64
Copyright (C) Microsoft Corporation.  All rights reserved.

cl : Command line warning D9002 : ignoring unknown option '--version'
cl : Command line error D8003 : missing source filename
Checking whether the ASM compiler is IntelLLVM using "--version" did not match "(Intel[^
]+oneAPI)":
Microsoft (R) C/C++ Optimizing Compiler Version 19.33.31629 for x64
Copyright (C) Microsoft Corporation.  All rights reserved.

cl : Command line warning D9002 : ignoring unknown option '--version'
cl : Command line error D8003 : missing source filename
Checking whether the ASM compiler is SunPro using "-V" did not match "Sun C":
Microsoft (R) C/C++ Optimizing Compiler Version 19.33.31629 for x64
Copyright (C) Microsoft Corporation.  All rights reserved.

cl : Command line error D8004 : '/V' requires an argument
Checking whether the ASM compiler is XL using "-qversion" did not match "XL C":
Microsoft (R) C/C++ Optimizing Compiler Version 19.33.31629 for x64
Copyright (C) Microsoft Corporation.  All rights reserved.

cl : Command line warning D9002 : ignoring unknown option '-qversion'
cl : Command line error D8003 : missing source filename
Determining if the include file stdatomic.h exists failed with the following output:
Change Dir: C:/dev/librapid_dev/BuildOpenBLAS/build/CMakeFiles/CMakeTmp

Run Build Command(s):C:/Program Files/Microsoft Visual Studio/2022/Community/MSBuild/Current/Bin/amd64/MSBuild.exe cmTC_7ae72.vcxproj /p:Configuration=Debug /p:Platform=x64 /p:VisualStudioVersion=17.0 /v:m && MSBuild version 17.3.1+2badb37d1 for .NET Framework
  Microsoft (R) C/C++ Optimizing Compiler Version 19.33.31629 for x64
  CheckIncludeFile.c
C:\Program Files\Microsoft Visual Studio\2022\Community\VC\Tools\MSVC\14.33.31629\include\stdatomic.h(15,1): fatal  error C1189: #error:  <stdatomic.h> is not yet supported when compiling as C, but this is planned for a future release. [C:\dev\librapid_dev\BuildOpenBLAS\build\CMakeFiles\CMakeTmp\cmTC_7ae72.vcxproj]
  Copyright (C) Microsoft Corporation.  All rights reserved.
  cl /c /Zi /W3 /WX- /diagnostics:column /Od /Ob0 /D _MBCS /D WIN32 /D _WINDOWS /D "CMAKE_INTDIR=\"Debug\"" /Gm- /RTC1 /MDd /GS /Zc:wchar_t /Zc:forScope /Zc:inline /Fo"cmTC_7ae72.dir\Debug\\" /Fd"cmTC_7ae72.dir\Debug\vc143.pdb" /external:W3 /Gd /TC /errorReport:queue C:\dev\librapid_dev\BuildOpenBLAS\build\CMakeFiles\CMakeTmp\CheckIncludeFile.c



Looking for a Fortran compiler failed with the following output:
-- Selecting Windows SDK version 10.0.19041.0 to target Windows 10.0.19045.
-- The Fortran compiler identification is unknown
CMake Error at CMakeLists.txt:2 (project):
  No CMAKE_Fortran_COMPILER could be found.



-- Configuring incomplete, errors occurred!
See also "C:/dev/librapid_dev/BuildOpenBLAS/build/CMakeFiles/CheckFortran/CMakeFiles/CMakeOutput.log".
See also "C:/dev/librapid_dev/BuildOpenBLAS/build/CMakeFiles/CheckFortran/CMakeFiles/CMakeError.log".

Determining if the include file pthread.h exists failed with the following output:
Change Dir: C:/dev/librapid_dev/BuildOpenBLAS/build/CMakeFiles/CMakeTmp

Run Build Command(s):C:/Program Files/Microsoft Visual Studio/2022/Community/MSBuild/Current/Bin/amd64/MSBuild.exe cmTC_6494c.vcxproj /p:Configuration=Debug /p:Platform=x64 /p:VisualStudioVersion=17.0 /v:m && MSBuild version 17.3.1+2badb37d1 for .NET Framework
  Microsoft (R) C/C++ Optimizing Compiler Version 19.33.31629 for x64
  CheckIncludeFile.c
  Copyright (C) Microsoft Corporation.  All rights reserved.
  cl /c /Zi /W3 /WX- /diagnostics:column /Od /Ob0 /D _MBCS /D WIN32 /D _WINDOWS /D SMALL_MATRIX_OPT /D DYNAMIC_ARCH /D DYNAMIC_LIST /D DYN_CORE2 /D DYN_NEHALEM /D DYN_SANDYBRIDGE /D DYN_BULLDOZER /D DYN_HASWELL /D NO_AVX512 /D SMP_SERVER /D NO_WARMUP /D MAX_CPU_NUMBER=256 /D MAX_PARALLEL_NUMBER=1 /D NO_AFFINITY /D "VERSION=\"0.3.23.dev\"" /D BUILD_SINGLE /D BUILD_DOUBLE /D BUILD_COMPLEX /D BUILD_COMPLEX16 /D "CMAKE_INTDIR=\"Debug\"" /Gm- /RTC1 /MDd /GS /Zc:wchar_t /Zc:forScope /Zc:inline /Fo"cmTC_6494c.dir\Debug\\" /Fd"cmTC_6494c.dir\Debug\vc143.pdb" /external:W3 /Gd /TC /errorReport:queue C:\dev\librapid_dev\BuildOpenBLAS\build\CMakeFiles\CMakeTmp\CheckIncludeFile.c
C:\dev\librapid_dev\BuildOpenBLAS\build\CMakeFiles\CMakeTmp\CheckIncludeFile.c(1,10): fatal  error C1083: Cannot open include file: 'pthread.h': No such file or directory [C:\dev\librapid_dev\BuildOpenBLAS\build\CMakeFiles\CMakeTmp\cmTC_6494c.vcxproj]



Checking whether the ASM compiler is GNU using "--version" did not match "(GNU assembler)|(GCC)|(Free Software Foundation)":
Microsoft (R) C/C++ Optimizing Compiler Version 19.33.31629 for x64
Copyright (C) Microsoft Corporation.  All rights reserved.

cl : Command line warning D9002 : ignoring unknown option '--version'
cl : Command line error D8003 : missing source filename
Checking whether the ASM compiler is Clang using "--version" did not match "(clang version)":
Microsoft (R) C/C++ Optimizing Compiler Version 19.33.31629 for x64
Copyright (C) Microsoft Corporation.  All rights reserved.

cl : Command line warning D9002 : ignoring unknown option '--version'
cl : Command line error D8003 : missing source filename
Checking whether the ASM compiler is AppleClang using "--version" did not match "(Apple LLVM version)":
Microsoft (R) C/C++ Optimizing Compiler Version 19.33.31629 for x64
Copyright (C) Microsoft Corporation.  All rights reserved.

cl : Command line warning D9002 : ignoring unknown option '--version'
cl : Command line error D8003 : missing source filename
Checking whether the ASM compiler is ARMClang using "--version" did not match "armclang":
Microsoft (R) C/C++ Optimizing Compiler Version 19.33.31629 for x64
Copyright (C) Microsoft Corporation.  All rights reserved.

cl : Command line warning D9002 : ignoring unknown option '--version'
cl : Command line error D8003 : missing source filename
Checking whether the ASM compiler is HP using "-V" did not match "HP C":
Microsoft (R) C/C++ Optimizing Compiler Version 19.33.31629 for x64
Copyright (C) Microsoft Corporation.  All rights reserved.

cl : Command line error D8004 : '/V' requires an argument
Checking whether the ASM compiler is Intel using "--version" did not match "(ICC)":
Microsoft (R) C/C++ Optimizing Compiler Version 19.33.31629 for x64
Copyright (C) Microsoft Corporation.  All rights reserved.

cl : Command line warning D9002 : ignoring unknown option '--version'
cl : Command line error D8003 : missing source filename
Checking whether the ASM compiler is IntelLLVM using "--version" did not match "(Intel[^
]+oneAPI)":
Microsoft (R) C/C++ Optimizing Compiler Version 19.33.31629 for x64
Copyright (C) Microsoft Corporation.  All rights reserved.

cl : Command line warning D9002 : ignoring unknown option '--version'
cl : Command line error D8003 : missing source filename
Checking whether the ASM compiler is SunPro using "-V" did not match "Sun C":
Microsoft (R) C/C++ Optimizing Compiler Version 19.33.31629 for x64
Copyright (C) Microsoft Corporation.  All rights reserved.

cl : Command line error D8004 : '/V' requires an argument
Checking whether the ASM compiler is XL using "-qversion" did not match "XL C":
Microsoft (R) C/C++ Optimizing Compiler Version 19.33.31629 for x64
Copyright (C) Microsoft Corporation.  All rights reserved.

cl : Command line warning D9002 : ignoring unknown option '-qversion'
cl : Command line error D8003 : missing source filename
Determining if the include file stdatomic.h exists failed with the following output:
Change Dir: C:/dev/librapid_dev/BuildOpenBLAS/build/CMakeFiles/CMakeTmp

Run Build Command(s):C:/Program Files/Microsoft Visual Studio/2022/Community/MSBuild/Current/Bin/amd64/MSBuild.exe cmTC_379f7.vcxproj /p:Configuration=Debug /p:Platform=x64 /p:VisualStudioVersion=17.0 /v:m && MSBuild version 17.3.1+2badb37d1 for .NET Framework
  Microsoft (R) C/C++ Optimizing Compiler Version 19.33.31629 for x64
  CheckIncludeFile.c
C:\Program Files\Microsoft Visual Studio\2022\Community\VC\Tools\MSVC\14.33.31629\include\stdatomic.h(15,1): fatal  error C1189: #error:  <stdatomic.h> is not yet supported when compiling as C, but this is planned for a future release. [C:\dev\librapid_dev\BuildOpenBLAS\build\CMakeFiles\CMakeTmp\cmTC_379f7.vcxproj]
  Copyright (C) Microsoft Corporation.  All rights reserved.
  cl /c /Zi /W3 /WX- /diagnostics:column /Od /Ob0 /D _MBCS /D WIN32 /D _WINDOWS /D "CMAKE_INTDIR=\"Debug\"" /Gm- /RTC1 /MDd /GS /Zc:wchar_t /Zc:forScope /Zc:inline /Fo"cmTC_379f7.dir\Debug\\" /Fd"cmTC_379f7.dir\Debug\vc143.pdb" /external:W3 /Gd /TC /errorReport:queue C:\dev\librapid_dev\BuildOpenBLAS\build\CMakeFiles\CMakeTmp\CheckIncludeFile.c



